<?xml version="1.0" encoding="UTF-8"?>
<!-- Generated by org.testng.reporters.JUnitReportReporter -->
<testsuite hostname="DESKTOP-BIS9DLC" name="testOne.SearchTestNG1" tests="1" failures="0" timestamp="8 Oct 2020 08:41:19 GMT" time="2.939" errors="0">
  <testcase name="Search" time="2.939" classname="testOne.SearchTestNG1"/>
</testsuite> <!-- testOne.SearchTestNG1 -->
