<?xml version="1.0" encoding="UTF-8"?>
<!-- Generated by org.testng.reporters.JUnitReportReporter -->
<testsuite hostname="DESKTOP-BIS9DLC" name="testOne.SearchTest" tests="1" failures="0" timestamp="6 Oct 2020 13:52:25 GMT" time="2.733" errors="0">
  <testcase name="Search" time="2.733" classname="testOne.SearchTest"/>
</testsuite> <!-- testOne.SearchTest -->
