<?xml version="1.0" encoding="UTF-8"?>
<!-- Generated by org.testng.reporters.JUnitReportReporter -->
<testsuite hostname="DESKTOP-BIS9DLC" name="testOne.SearchTestNG2" tests="1" failures="0" timestamp="6 Oct 2020 18:04:06 GMT" time="5.151" errors="0">
  <testcase name="Search3" time="5.151" classname="testOne.SearchTestNG2"/>
</testsuite> <!-- testOne.SearchTestNG2 -->
