<?xml version="1.0" encoding="UTF-8"?>
<!-- Generated by org.testng.reporters.JUnitReportReporter -->
<testsuite hostname="DESKTOP-BIS9DLC" name="utilities.ExcelDataProvider" tests="3" failures="0" timestamp="8 Oct 2020 20:46:46 GMT" time="3.431" errors="0">
  <testcase name="test1" time="0.726" classname="utilities.ExcelDataProvider"/>
  <testcase name="test1" time="2.094" classname="utilities.ExcelDataProvider"/>
  <testcase name="test1" time="0.611" classname="utilities.ExcelDataProvider"/>
</testsuite> <!-- utilities.ExcelDataProvider -->
